2026-04-20 17:42:09,734 [INFO] Tushare API 初始化成功
2026-04-20 17:42:09,759 [INFO] 股票列表已有 5506 只，使用本地缓存
2026-04-20 17:42:09,765 [INFO] 股票列表已有 5506 只，使用本地缓存
2026-04-20 17:42:09,768 [INFO] 开始增量采集: 20260415 ~ 20260420, 共 5506 只股票
2026-04-20 17:42:10,761 [INFO] 进度 [1/111] 调用 1 次, 获取 200 条记录
2026-04-20 17:42:15,043 [INFO] 进度 [5/111] 调用 5 次, 获取 994 条记录
2026-04-20 17:42:18,375 [INFO] 进度 [10/111] 调用 10 次, 获取 1994 条记录
2026-04-20 17:42:23,994 [INFO] 进度 [15/111] 调用 15 次, 获取 2994 条记录
2026-04-20 17:42:29,468 [INFO] 进度 [20/111] 调用 20 次, 获取 3994 条记录
2026-04-20 17:42:34,805 [INFO] 进度 [25/111] 调用 25 次, 获取 4993 条记录
2026-04-20 17:43:41 [INFO] 股票列表已有 5506 只，使用缓存
2026-04-20 17:43:42 [INFO] Tushare API 初始化成功
2026-04-20 17:43:42 [INFO] 股票列表已有 5506 只，使用缓存
2026-04-20 17:43:42 [INFO] 增量采集: 20260415 ~ 20260420, 5506 只股票
2026-04-20 17:43:50 [INFO] 进度 [10/111] 调用 10, 记录 1994
2026-04-20 17:43:57 [INFO] 进度 [20/111] 调用 20, 记录 3994
2026-04-20 17:44:05 [INFO] 进度 [30/111] 调用 30, 记录 5993
2026-04-20 17:44:07 [INFO] 股票列表已有 5506 只，使用缓存
2026-04-20 17:44:08 [INFO] Tushare API 初始化成功
2026-04-20 17:44:08 [INFO] 股票列表已有 5506 只，使用缓存
2026-04-20 17:44:08 [INFO] 增量采集: 20260415 ~ 20260420, 5506 只股票
2026-04-20 17:44:10 [INFO] 进度 [40/111] 调用 40, 记录 7987
2026-04-20 17:44:14 [INFO] 频率限制，等待 28.2s
2026-04-20 17:44:40 [INFO] 频率限制，等待 1.7s
2026-04-20 17:44:45 [INFO] 进度 [50/111] 调用 50, 记录 9982
2026-04-20 17:44:53 [INFO] 进度 [60/111] 调用 60, 记录 11979
2026-04-20 17:45:00 [INFO] 进度 [70/111] 调用 70, 记录 13970
2026-04-20 17:45:05 [INFO] 进度 [80/111] 调用 80, 记录 15968
2026-04-20 17:45:13 [INFO] 进度 [90/111] 调用 90, 记录 17966
2026-04-20 17:45:13 [INFO] 频率限制，等待 28.7s
2026-04-20 17:45:41 [INFO] 频率限制，等待 1.4s
2026-04-20 17:45:49 [INFO] 进度 [100/111] 调用 100, 记录 19962
2026-04-20 17:45:57 [INFO] 进度 [110/111] 调用 110, 记录 21954
2026-04-20 17:45:58 [INFO] ==================================================
2026-04-20 17:45:58 [INFO] 增量采集完成: 111 调用, 21978 记录
2026-04-20 17:45:58 [INFO] 股票列表已有 5506 只，使用缓存
2026-04-20 17:45:57 [INFO] 进度 [40/111] 调用 3, 记录 597
2026-04-20 17:46:04 [INFO] 进度 [50/111] 调用 13, 记录 2592
2026-04-20 17:46:12 [INFO] 进度 [60/111] 调用 23, 记录 4589
2026-04-20 17:46:19 [INFO] 进度 [70/111] 调用 33, 记录 6580
2026-04-20 17:46:20 [ERROR] Tushare.daily 失败: 抱歉，您每分钟最多访问该接口50次，权限的具体详情访问：https://tushare.pro/document/1?doc_id=108。
2026-04-20 17:46:20 [ERROR] Tushare.daily 失败: 抱歉，您每分钟最多访问该接口50次，权限的具体详情访问：https://tushare.pro/document/1?doc_id=108。
2026-04-20 17:46:20 [ERROR] Tushare.daily 失败: 抱歉，您每分钟最多访问该接口50次，权限的具体详情访问：https://tushare.pro/document/1?doc_id=108。
2026-04-20 17:46:20 [ERROR] Tushare.daily 失败: 抱歉，您每分钟最多访问该接口50次，权限的具体详情访问：https://tushare.pro/document/1?doc_id=108。
2026-04-20 17:46:20 [ERROR] Tushare.daily 失败: 抱歉，您每分钟最多访问该接口50次，权限的具体详情访问：https://tushare.pro/document/1?doc_id=108。
2026-04-20 17:46:20 [ERROR] Tushare.daily 失败: 抱歉，您每分钟最多访问该接口50次，权限的具体详情访问：https://tushare.pro/document/1?doc_id=108。
2026-04-20 17:46:20 [ERROR] Tushare.daily 失败: 抱歉，您每分钟最多访问该接口50次，权限的具体详情访问：https://tushare.pro/document/1?doc_id=108。
2026-04-20 17:46:20 [ERROR] Tushare.daily 失败: 抱歉，您每分钟最多访问该接口50次，权限的具体详情访问：https://tushare.pro/document/1?doc_id=108。
2026-04-20 17:46:20 [ERROR] Tushare.daily 失败: 抱歉，您每分钟最多访问该接口50次，权限的具体详情访问：https://tushare.pro/document/1?doc_id=108。
2026-04-20 17:46:20 [INFO] 进度 [80/111] 调用 43, 记录 6780
2026-04-20 17:46:20 [ERROR] Tushare.daily 失败: 抱歉，您每分钟最多访问该接口50次，权限的具体详情访问：https://tushare.pro/document/1?doc_id=108。
2026-04-20 17:46:20 [ERROR] Tushare.daily 失败: 抱歉，您每分钟最多访问该接口50次，权限的具体详情访问：https://tushare.pro/document/1?doc_id=108。
2026-04-20 17:46:20 [ERROR] Tushare.daily 失败: 抱歉，您每分钟最多访问该接口50次，权限的具体详情访问：https://tushare.pro/document/1?doc_id=108。
2026-04-20 17:46:21 [ERROR] Tushare.daily 失败: 抱歉，您每分钟最多访问该接口50次，权限的具体详情访问：https://tushare.pro/document/1?doc_id=108。
2026-04-20 17:46:21 [ERROR] Tushare.daily 失败: 抱歉，您每分钟最多访问该接口50次，权限的具体详情访问：https://tushare.pro/document/1?doc_id=108。
2026-04-20 17:46:21 [ERROR] Tushare.daily 失败: 抱歉，您每分钟最多访问该接口50次，权限的具体详情访问：https://tushare.pro/document/1?doc_id=108。
2026-04-20 17:46:21 [ERROR] Tushare.daily 失败: 抱歉，您每分钟最多访问该接口50次，权限的具体详情访问：https://tushare.pro/document/1?doc_id=108。
2026-04-20 17:46:21 [ERROR] Tushare.daily 失败: 抱歉，您每分钟最多访问该接口50次，权限的具体详情访问：https://tushare.pro/document/1?doc_id=108。
2026-04-20 17:46:21 [ERROR] Tushare.daily 失败: 抱歉，您每分钟最多访问该接口50次，权限的具体详情访问：https://tushare.pro/document/1?doc_id=108。
2026-04-20 17:46:21 [ERROR] Tushare.daily 失败: 抱歉，您每分钟最多访问该接口50次，权限的具体详情访问：https://tushare.pro/document/1?doc_id=108。
2026-04-20 17:46:21 [INFO] 进度 [90/111] 调用 53, 记录 6780
2026-04-20 17:46:21 [ERROR] Tushare.daily 失败: 抱歉，您每分钟最多访问该接口50次，权限的具体详情访问：https://tushare.pro/document/1?doc_id=108。
2026-04-20 17:46:21 [ERROR] Tushare.daily 失败: 抱歉，您每分钟最多访问该接口50次，权限的具体详情访问：https://tushare.pro/document/1?doc_id=108。
2026-04-20 17:46:21 [ERROR] Tushare.daily 失败: 抱歉，您每分钟最多访问该接口50次，权限的具体详情访问：https://tushare.pro/document/1?doc_id=108。
2026-04-20 17:46:21 [ERROR] Tushare.daily 失败: 抱歉，您每分钟最多访问该接口50次，权限的具体详情访问：https://tushare.pro/document/1?doc_id=108。
2026-04-20 17:46:21 [ERROR] Tushare.daily 失败: 抱歉，您每分钟最多访问该接口50次，权限的具体详情访问：https://tushare.pro/document/1?doc_id=108。
2026-04-20 17:46:21 [ERROR] Tushare.daily 失败: 抱歉，您每分钟最多访问该接口50次，权限的具体详情访问：https://tushare.pro/document/1?doc_id=108。
2026-04-20 17:46:21 [ERROR] Tushare.daily 失败: 抱歉，您每分钟最多访问该接口50次，权限的具体详情访问：https://tushare.pro/document/1?doc_id=108。
2026-04-20 17:46:21 [ERROR] Tushare.daily 失败: 抱歉，您每分钟最多访问该接口50次，权限的具体详情访问：https://tushare.pro/document/1?doc_id=108。
2026-04-20 17:46:21 [ERROR] Tushare.daily 失败: 抱歉，您每分钟最多访问该接口50次，权限的具体详情访问：https://tushare.pro/document/1?doc_id=108。
2026-04-20 17:46:21 [ERROR] Tushare.daily 失败: 抱歉，您每分钟最多访问该接口50次，权限的具体详情访问：https://tushare.pro/document/1?doc_id=108。
2026-04-20 17:46:21 [INFO] 进度 [100/111] 调用 63, 记录 6780
2026-04-20 17:46:22 [ERROR] Tushare.daily 失败: 抱歉，您每分钟最多访问该接口50次，权限的具体详情访问：https://tushare.pro/document/1?doc_id=108。
2026-04-20 17:46:22 [ERROR] Tushare.daily 失败: 抱歉，您每分钟最多访问该接口50次，权限的具体详情访问：https://tushare.pro/document/1?doc_id=108。
2026-04-20 17:46:22 [ERROR] Tushare.daily 失败: 抱歉，您每分钟最多访问该接口50次，权限的具体详情访问：https://tushare.pro/document/1?doc_id=108。
2026-04-20 17:46:22 [ERROR] Tushare.daily 失败: 抱歉，您每分钟最多访问该接口50次，权限的具体详情访问：https://tushare.pro/document/1?doc_id=108。
2026-04-20 17:46:22 [ERROR] Tushare.daily 失败: 抱歉，您每分钟最多访问该接口50次，权限的具体详情访问：https://tushare.pro/document/1?doc_id=108。
2026-04-20 17:46:22 [ERROR] Tushare.daily 失败: 抱歉，您每分钟最多访问该接口50次，权限的具体详情访问：https://tushare.pro/document/1?doc_id=108。
2026-04-20 17:46:22 [ERROR] Tushare.daily 失败: 抱歉，您每分钟最多访问该接口50次，权限的具体详情访问：https://tushare.pro/document/1?doc_id=108。
2026-04-20 17:46:22 [ERROR] Tushare.daily 失败: 抱歉，您每分钟最多访问该接口50次，权限的具体详情访问：https://tushare.pro/document/1?doc_id=108。
2026-04-20 17:46:22 [ERROR] Tushare.daily 失败: 抱歉，您每分钟最多访问该接口50次，权限的具体详情访问：https://tushare.pro/document/1?doc_id=108。
2026-04-20 17:46:22 [ERROR] Tushare.daily 失败: 抱歉，您每分钟最多访问该接口50次，权限的具体详情访问：https://tushare.pro/document/1?doc_id=108。
2026-04-20 17:46:22 [INFO] 进度 [110/111] 调用 73, 记录 6780
2026-04-20 17:46:22 [ERROR] Tushare.daily 失败: 抱歉，您每分钟最多访问该接口50次，权限的具体详情访问：https://tushare.pro/document/1?doc_id=108。
2026-04-20 17:46:22 [INFO] ==================================================
2026-04-20 17:46:22 [INFO] 增量采集完成: 74 调用, 6780 记录
2026-04-20 17:46:22 [INFO] 股票列表已有 5506 只，使用缓存
2026-04-20 17:46:22 [INFO] Tushare API 初始化成功
2026-04-20 17:46:22 [INFO] 股票列表已有 5506 只，使用缓存
2026-04-20 17:46:22 [INFO] 增量采集: 20260415 ~ 20260420, 5506 只股票
2026-04-20 17:46:22 [ERROR] Tushare.daily 失败: 抱歉，您每分钟最多访问该接口50次，权限的具体详情访问：https://tushare.pro/document/1?doc_id=108。
2026-04-20 17:46:22 [ERROR] Tushare.daily 失败: 抱歉，您每分钟最多访问该接口50次，权限的具体详情访问：https://tushare.pro/document/1?doc_id=108。
2026-04-20 17:46:22 [ERROR] Tushare.daily 失败: 抱歉，您每分钟最多访问该接口50次，权限的具体详情访问：https://tushare.pro/document/1?doc_id=108。
2026-04-20 17:46:22 [ERROR] Tushare.daily 失败: 抱歉，您每分钟最多访问该接口50次，权限的具体详情访问：https://tushare.pro/document/1?doc_id=108。
2026-04-20 17:46:22 [ERROR] Tushare.daily 失败: 抱歉，您每分钟最多访问该接口50次，权限的具体详情访问：https://tushare.pro/document/1?doc_id=108。
2026-04-20 17:46:22 [ERROR] Tushare.daily 失败: 抱歉，您每分钟最多访问该接口50次，权限的具体详情访问：https://tushare.pro/document/1?doc_id=108。
2026-04-20 17:46:22 [ERROR] Tushare.daily 失败: 抱歉，您每分钟最多访问该接口50次，权限的具体详情访问：https://tushare.pro/document/1?doc_id=108。
2026-04-20 17:46:23 [ERROR] Tushare.daily 失败: 抱歉，您每分钟最多访问该接口50次，权限的具体详情访问：https://tushare.pro/document/1?doc_id=108。
2026-04-20 17:46:23 [ERROR] Tushare.daily 失败: 抱歉，您每分钟最多访问该接口50次，权限的具体详情访问：https://tushare.pro/document/1?doc_id=108。
2026-04-20 17:46:23 [ERROR] Tushare.daily 失败: 抱歉，您每分钟最多访问该接口50次，权限的具体详情访问：https://tushare.pro/document/1?doc_id=108。
2026-04-20 17:46:23 [INFO] 进度 [10/111] 调用 10, 记录 0
2026-04-20 17:46:23 [ERROR] Tushare.daily 失败: 抱歉，您每分钟最多访问该接口50次，权限的具体详情访问：https://tushare.pro/document/1?doc_id=108。
2026-04-20 17:46:23 [ERROR] Tushare.daily 失败: 抱歉，您每分钟最多访问该接口50次，权限的具体详情访问：https://tushare.pro/document/1?doc_id=108。
2026-04-20 17:46:23 [ERROR] Tushare.daily 失败: 抱歉，您每分钟最多访问该接口50次，权限的具体详情访问：https://tushare.pro/document/1?doc_id=108。
2026-04-20 17:46:23 [ERROR] Tushare.daily 失败: 抱歉，您每分钟最多访问该接口50次，权限的具体详情访问：https://tushare.pro/document/1?doc_id=108。
2026-04-20 17:46:23 [ERROR] Tushare.daily 失败: 抱歉，您每分钟最多访问该接口50次，权限的具体详情访问：https://tushare.pro/document/1?doc_id=108。
2026-04-20 17:46:23 [ERROR] Tushare.daily 失败: 抱歉，您每分钟最多访问该接口50次，权限的具体详情访问：https://tushare.pro/document/1?doc_id=108。
2026-04-20 17:46:23 [ERROR] Tushare.daily 失败: 抱歉，您每分钟最多访问该接口50次，权限的具体详情访问：https://tushare.pro/document/1?doc_id=108。
2026-04-20 17:46:23 [ERROR] Tushare.daily 失败: 抱歉，您每分钟最多访问该接口50次，权限的具体详情访问：https://tushare.pro/document/1?doc_id=108。
2026-04-20 17:46:23 [ERROR] Tushare.daily 失败: 抱歉，您每分钟最多访问该接口50次，权限的具体详情访问：https://tushare.pro/document/1?doc_id=108。
2026-04-20 17:46:23 [ERROR] Tushare.daily 失败: 抱歉，您每分钟最多访问该接口50次，权限的具体详情访问：https://tushare.pro/document/1?doc_id=108。
2026-04-20 17:46:23 [INFO] 进度 [20/111] 调用 20, 记录 0
2026-04-20 17:46:23 [ERROR] Tushare.daily 失败: 抱歉，您每分钟最多访问该接口50次，权限的具体详情访问：https://tushare.pro/document/1?doc_id=108。
2026-04-20 17:46:23 [ERROR] Tushare.daily 失败: 抱歉，您每分钟最多访问该接口50次，权限的具体详情访问：https://tushare.pro/document/1?doc_id=108。
2026-04-20 17:46:23 [ERROR] Tushare.daily 失败: 抱歉，您每分钟最多访问该接口50次，权限的具体详情访问：https://tushare.pro/document/1?doc_id=108。
2026-04-20 17:46:23 [ERROR] Tushare.daily 失败: 抱歉，您每分钟最多访问该接口50次，权限的具体详情访问：https://tushare.pro/document/1?doc_id=108。
2026-04-20 17:46:23 [ERROR] Tushare.daily 失败: 抱歉，您每分钟最多访问该接口50次，权限的具体详情访问：https://tushare.pro/document/1?doc_id=108。
2026-04-20 17:46:23 [ERROR] Tushare.daily 失败: 抱歉，您每分钟最多访问该接口50次，权限的具体详情访问：https://tushare.pro/document/1?doc_id=108。
2026-04-20 17:46:24 [ERROR] Tushare.daily 失败: 抱歉，您每分钟最多访问该接口50次，权限的具体详情访问：https://tushare.pro/document/1?doc_id=108。
2026-04-20 17:46:24 [ERROR] Tushare.daily 失败: 抱歉，您每分钟最多访问该接口50次，权限的具体详情访问：https://tushare.pro/document/1?doc_id=108。
2026-04-20 17:46:24 [ERROR] Tushare.daily 失败: 抱歉，您每分钟最多访问该接口50次，权限的具体详情访问：https://tushare.pro/document/1?doc_id=108。
2026-04-20 17:46:24 [ERROR] Tushare.daily 失败: 抱歉，您每分钟最多访问该接口50次，权限的具体详情访问：https://tushare.pro/document/1?doc_id=108。
2026-04-20 17:46:24 [INFO] 进度 [30/111] 调用 30, 记录 0
2026-04-20 17:46:24 [ERROR] Tushare.daily 失败: 抱歉，您每分钟最多访问该接口50次，权限的具体详情访问：https://tushare.pro/document/1?doc_id=108。
2026-04-20 17:46:24 [ERROR] Tushare.daily 失败: 抱歉，您每分钟最多访问该接口50次，权限的具体详情访问：https://tushare.pro/document/1?doc_id=108。
2026-04-20 17:46:24 [ERROR] Tushare.daily 失败: 抱歉，您每分钟最多访问该接口50次，权限的具体详情访问：https://tushare.pro/document/1?doc_id=108。
2026-04-20 17:46:24 [ERROR] Tushare.daily 失败: 抱歉，您每分钟最多访问该接口50次，权限的具体详情访问：https://tushare.pro/document/1?doc_id=108。
2026-04-20 17:46:24 [ERROR] Tushare.daily 失败: 抱歉，您每分钟最多访问该接口50次，权限的具体详情访问：https://tushare.pro/document/1?doc_id=108。
2026-04-20 17:46:24 [ERROR] Tushare.daily 失败: 抱歉，您每分钟最多访问该接口50次，权限的具体详情访问：https://tushare.pro/document/1?doc_id=108。
2026-04-20 17:46:24 [ERROR] Tushare.daily 失败: 抱歉，您每分钟最多访问该接口50次，权限的具体详情访问：https://tushare.pro/document/1?doc_id=108。
2026-04-20 17:46:24 [ERROR] Tushare.daily 失败: 抱歉，您每分钟最多访问该接口50次，权限的具体详情访问：https://tushare.pro/document/1?doc_id=108。
2026-04-20 17:46:24 [ERROR] Tushare.daily 失败: 抱歉，您每分钟最多访问该接口50次，权限的具体详情访问：https://tushare.pro/document/1?doc_id=108。
2026-04-20 17:46:24 [ERROR] Tushare.daily 失败: 抱歉，您每分钟最多访问该接口50次，权限的具体详情访问：https://tushare.pro/document/1?doc_id=108。
2026-04-20 17:46:24 [INFO] 进度 [40/111] 调用 40, 记录 0
2026-04-20 17:46:24 [ERROR] Tushare.daily 失败: 抱歉，您每分钟最多访问该接口50次，权限的具体详情访问：https://tushare.pro/document/1?doc_id=108。
2026-04-20 17:46:24 [ERROR] Tushare.daily 失败: 抱歉，您每分钟最多访问该接口50次，权限的具体详情访问：https://tushare.pro/document/1?doc_id=108。
2026-04-20 17:46:24 [ERROR] Tushare.daily 失败: 抱歉，您每分钟最多访问该接口50次，权限的具体详情访问：https://tushare.pro/document/1?doc_id=108。
2026-04-20 17:46:24 [ERROR] Tushare.daily 失败: 抱歉，您每分钟最多访问该接口50次，权限的具体详情访问：https://tushare.pro/document/1?doc_id=108。
2026-04-20 17:46:24 [ERROR] Tushare.daily 失败: 抱歉，您每分钟最多访问该接口50次，权限的具体详情访问：https://tushare.pro/document/1?doc_id=108。
2026-04-20 17:46:25 [ERROR] Tushare.daily 失败: 抱歉，您每分钟最多访问该接口50次，权限的具体详情访问：https://tushare.pro/document/1?doc_id=108。
2026-04-20 17:46:25 [ERROR] Tushare.daily 失败: 抱歉，您每分钟最多访问该接口50次，权限的具体详情访问：https://tushare.pro/document/1?doc_id=108。
2026-04-20 17:46:25 [ERROR] Tushare.daily 失败: 抱歉，您每分钟最多访问该接口50次，权限的具体详情访问：https://tushare.pro/document/1?doc_id=108。
2026-04-20 17:46:25 [ERROR] Tushare.daily 失败: 抱歉，您每分钟最多访问该接口50次，权限的具体详情访问：https://tushare.pro/document/1?doc_id=108。
2026-04-20 17:46:25 [ERROR] Tushare.daily 失败: 抱歉，您每分钟最多访问该接口50次，权限的具体详情访问：https://tushare.pro/document/1?doc_id=108。
2026-04-20 17:46:25 [INFO] 进度 [50/111] 调用 50, 记录 0
2026-04-20 17:46:25 [ERROR] Tushare.daily 失败: 抱歉，您每分钟最多访问该接口50次，权限的具体详情访问：https://tushare.pro/document/1?doc_id=108。
2026-04-20 17:46:25 [ERROR] Tushare.daily 失败: 抱歉，您每分钟最多访问该接口50次，权限的具体详情访问：https://tushare.pro/document/1?doc_id=108。
2026-04-20 17:46:25 [ERROR] Tushare.daily 失败: 抱歉，您每分钟最多访问该接口50次，权限的具体详情访问：https://tushare.pro/document/1?doc_id=108。
2026-04-20 17:46:25 [ERROR] Tushare.daily 失败: 抱歉，您每分钟最多访问该接口50次，权限的具体详情访问：https://tushare.pro/document/1?doc_id=108。
2026-04-20 17:46:25 [ERROR] Tushare.daily 失败: 抱歉，您每分钟最多访问该接口50次，权限的具体详情访问：https://tushare.pro/document/1?doc_id=108。
2026-04-20 17:46:25 [ERROR] Tushare.daily 失败: 抱歉，您每分钟最多访问该接口50次，权限的具体详情访问：https://tushare.pro/document/1?doc_id=108。
2026-04-20 17:46:25 [ERROR] Tushare.daily 失败: 抱歉，您每分钟最多访问该接口50次，权限的具体详情访问：https://tushare.pro/document/1?doc_id=108。
2026-04-20 17:46:25 [ERROR] Tushare.daily 失败: 抱歉，您每分钟最多访问该接口50次，权限的具体详情访问：https://tushare.pro/document/1?doc_id=108。
2026-04-20 17:46:25 [ERROR] Tushare.daily 失败: 抱歉，您每分钟最多访问该接口50次，权限的具体详情访问：https://tushare.pro/document/1?doc_id=108。
2026-04-20 17:46:25 [ERROR] Tushare.daily 失败: 抱歉，您每分钟最多访问该接口50次，权限的具体详情访问：https://tushare.pro/document/1?doc_id=108。
2026-04-20 17:46:25 [INFO] 进度 [60/111] 调用 60, 记录 0
2026-04-20 17:46:25 [ERROR] Tushare.daily 失败: 抱歉，您每分钟最多访问该接口50次，权限的具体详情访问：https://tushare.pro/document/1?doc_id=108。
2026-04-20 17:46:25 [ERROR] Tushare.daily 失败: 抱歉，您每分钟最多访问该接口50次，权限的具体详情访问：https://tushare.pro/document/1?doc_id=108。
2026-04-20 17:46:25 [ERROR] Tushare.daily 失败: 抱歉，您每分钟最多访问该接口50次，权限的具体详情访问：https://tushare.pro/document/1?doc_id=108。
2026-04-20 17:46:25 [ERROR] Tushare.daily 失败: 抱歉，您每分钟最多访问该接口50次，权限的具体详情访问：https://tushare.pro/document/1?doc_id=108。
2026-04-20 17:46:25 [ERROR] Tushare.daily 失败: 抱歉，您每分钟最多访问该接口50次，权限的具体详情访问：https://tushare.pro/document/1?doc_id=108。
2026-04-20 17:46:26 [ERROR] Tushare.daily 失败: 抱歉，您每分钟最多访问该接口50次，权限的具体详情访问：https://tushare.pro/document/1?doc_id=108。
2026-04-20 17:46:26 [ERROR] Tushare.daily 失败: 抱歉，您每分钟最多访问该接口50次，权限的具体详情访问：https://tushare.pro/document/1?doc_id=108。
2026-04-20 17:46:26 [ERROR] Tushare.daily 失败: 抱歉，您每分钟最多访问该接口50次，权限的具体详情访问：https://tushare.pro/document/1?doc_id=108。
2026-04-20 17:46:26 [ERROR] Tushare.daily 失败: 抱歉，您每分钟最多访问该接口50次，权限的具体详情访问：https://tushare.pro/document/1?doc_id=108。
2026-04-20 17:46:26 [ERROR] Tushare.daily 失败: 抱歉，您每分钟最多访问该接口50次，权限的具体详情访问：https://tushare.pro/document/1?doc_id=108。
2026-04-20 17:46:26 [INFO] 进度 [70/111] 调用 70, 记录 0
2026-04-20 17:46:26 [ERROR] Tushare.daily 失败: 抱歉，您每分钟最多访问该接口50次，权限的具体详情访问：https://tushare.pro/document/1?doc_id=108。
2026-04-20 17:46:26 [ERROR] Tushare.daily 失败: 抱歉，您每分钟最多访问该接口50次，权限的具体详情访问：https://tushare.pro/document/1?doc_id=108。
2026-04-20 17:46:26 [ERROR] Tushare.daily 失败: 抱歉，您每分钟最多访问该接口50次，权限的具体详情访问：https://tushare.pro/document/1?doc_id=108。
2026-04-20 17:46:26 [ERROR] Tushare.daily 失败: 抱歉，您每分钟最多访问该接口50次，权限的具体详情访问：https://tushare.pro/document/1?doc_id=108。
2026-04-20 17:46:26 [ERROR] Tushare.daily 失败: 抱歉，您每分钟最多访问该接口50次，权限的具体详情访问：https://tushare.pro/document/1?doc_id=108。
2026-04-20 17:46:28 [ERROR] Tushare.daily 失败: 抱歉，您每分钟最多访问该接口50次，权限的具体详情访问：https://tushare.pro/document/1?doc_id=108。
2026-04-20 17:46:28 [ERROR] Tushare.daily 失败: 抱歉，您每分钟最多访问该接口50次，权限的具体详情访问：https://tushare.pro/document/1?doc_id=108。
2026-04-20 17:46:28 [ERROR] Tushare.daily 失败: 抱歉，您每分钟最多访问该接口50次，权限的具体详情访问：https://tushare.pro/document/1?doc_id=108。
2026-04-20 17:46:28 [ERROR] Tushare.daily 失败: 抱歉，您每分钟最多访问该接口50次，权限的具体详情访问：https://tushare.pro/document/1?doc_id=108。
2026-04-20 17:46:28 [ERROR] Tushare.daily 失败: 抱歉，您每分钟最多访问该接口50次，权限的具体详情访问：https://tushare.pro/document/1?doc_id=108。
2026-04-20 17:46:28 [INFO] 进度 [80/111] 调用 80, 记录 0
2026-04-20 17:46:24 [ERROR] Tushare.daily 失败: 抱歉，您每分钟最多访问该接口50次，权限的具体详情访问：https://tushare.pro/document/1?doc_id=108。
2026-04-20 17:46:24 [ERROR] Tushare.daily 失败: 抱歉，您每分钟最多访问该接口50次，权限的具体详情访问：https://tushare.pro/document/1?doc_id=108。
2026-04-20 17:46:24 [ERROR] Tushare.daily 失败: 抱歉，您每分钟最多访问该接口50次，权限的具体详情访问：https://tushare.pro/document/1?doc_id=108。
2026-04-20 17:46:24 [ERROR] Tushare.daily 失败: 抱歉，您每分钟最多访问该接口50次，权限的具体详情访问：https://tushare.pro/document/1?doc_id=108。
2026-04-20 17:46:24 [ERROR] Tushare.daily 失败: 抱歉，您每分钟最多访问该接口50次，权限的具体详情访问：https://tushare.pro/document/1?doc_id=108。
2026-04-20 17:46:24 [ERROR] Tushare.daily 失败: 抱歉，您每分钟最多访问该接口50次，权限的具体详情访问：https://tushare.pro/document/1?doc_id=108。
2026-04-20 17:46:24 [ERROR] Tushare.daily 失败: 抱歉，您每分钟最多访问该接口50次，权限的具体详情访问：https://tushare.pro/document/1?doc_id=108。
2026-04-20 17:46:24 [ERROR] Tushare.daily 失败: 抱歉，您每分钟最多访问该接口50次，权限的具体详情访问：https://tushare.pro/document/1?doc_id=108。
2026-04-20 17:46:24 [ERROR] Tushare.daily 失败: 抱歉，您每分钟最多访问该接口50次，权限的具体详情访问：https://tushare.pro/document/1?doc_id=108。
2026-04-20 17:46:24 [ERROR] Tushare.daily 失败: 抱歉，您每分钟最多访问该接口50次，权限的具体详情访问：https://tushare.pro/document/1?doc_id=108。
2026-04-20 17:46:24 [INFO] 进度 [90/111] 调用 90, 记录 0
2026-04-20 17:46:25 [ERROR] Tushare.daily 失败: 抱歉，您每分钟最多访问该接口50次，权限的具体详情访问：https://tushare.pro/document/1?doc_id=108。
2026-04-20 17:46:25 [ERROR] Tushare.daily 失败: 抱歉，您每分钟最多访问该接口50次，权限的具体详情访问：https://tushare.pro/document/1?doc_id=108。
2026-04-20 17:46:25 [ERROR] Tushare.daily 失败: 抱歉，您每分钟最多访问该接口50次，权限的具体详情访问：https://tushare.pro/document/1?doc_id=108。
2026-04-20 17:46:25 [ERROR] Tushare.daily 失败: 抱歉，您每分钟最多访问该接口50次，权限的具体详情访问：https://tushare.pro/document/1?doc_id=108。
2026-04-20 17:46:25 [ERROR] Tushare.daily 失败: 抱歉，您每分钟最多访问该接口50次，权限的具体详情访问：https://tushare.pro/document/1?doc_id=108。
2026-04-20 17:46:25 [ERROR] Tushare.daily 失败: 抱歉，您每分钟最多访问该接口50次，权限的具体详情访问：https://tushare.pro/document/1?doc_id=108。
2026-04-20 17:46:25 [ERROR] Tushare.daily 失败: 抱歉，您每分钟最多访问该接口50次，权限的具体详情访问：https://tushare.pro/document/1?doc_id=108。
2026-04-20 17:46:25 [ERROR] Tushare.daily 失败: 抱歉，您每分钟最多访问该接口50次，权限的具体详情访问：https://tushare.pro/document/1?doc_id=108。
2026-04-20 17:46:25 [ERROR] Tushare.daily 失败: 抱歉，您每分钟最多访问该接口50次，权限的具体详情访问：https://tushare.pro/document/1?doc_id=108。
2026-04-20 17:46:25 [ERROR] Tushare.daily 失败: 抱歉，您每分钟最多访问该接口50次，权限的具体详情访问：https://tushare.pro/document/1?doc_id=108。
2026-04-20 17:46:25 [INFO] 进度 [100/111] 调用 100, 记录 0
2026-04-20 17:46:25 [ERROR] Tushare.daily 失败: 抱歉，您每分钟最多访问该接口50次，权限的具体详情访问：https://tushare.pro/document/1?doc_id=108。
2026-04-20 17:46:25 [ERROR] Tushare.daily 失败: 抱歉，您每分钟最多访问该接口50次，权限的具体详情访问：https://tushare.pro/document/1?doc_id=108。
2026-04-20 17:46:25 [ERROR] Tushare.daily 失败: 抱歉，您每分钟最多访问该接口50次，权限的具体详情访问：https://tushare.pro/document/1?doc_id=108。
2026-04-20 17:46:25 [ERROR] Tushare.daily 失败: 抱歉，您每分钟最多访问该接口50次，权限的具体详情访问：https://tushare.pro/document/1?doc_id=108。
2026-04-20 17:46:25 [ERROR] Tushare.daily 失败: 抱歉，您每分钟最多访问该接口50次，权限的具体详情访问：https://tushare.pro/document/1?doc_id=108。
2026-04-20 17:46:25 [ERROR] Tushare.daily 失败: 抱歉，您每分钟最多访问该接口50次，权限的具体详情访问：https://tushare.pro/document/1?doc_id=108。
2026-04-20 17:46:25 [ERROR] Tushare.daily 失败: 抱歉，您每分钟最多访问该接口50次，权限的具体详情访问：https://tushare.pro/document/1?doc_id=108。
2026-04-20 17:46:25 [ERROR] Tushare.daily 失败: 抱歉，您每分钟最多访问该接口50次，权限的具体详情访问：https://tushare.pro/document/1?doc_id=108。
2026-04-20 17:46:26 [ERROR] Tushare.daily 失败: 抱歉，您每分钟最多访问该接口50次，权限的具体详情访问：https://tushare.pro/document/1?doc_id=108。
2026-04-20 17:46:26 [ERROR] Tushare.daily 失败: 抱歉，您每分钟最多访问该接口50次，权限的具体详情访问：https://tushare.pro/document/1?doc_id=108。
2026-04-20 17:46:26 [INFO] 进度 [110/111] 调用 110, 记录 0
2026-04-20 17:46:26 [ERROR] Tushare.daily 失败: 抱歉，您每分钟最多访问该接口50次，权限的具体详情访问：https://tushare.pro/document/1?doc_id=108。
2026-04-20 17:46:26 [INFO] ==================================================
2026-04-20 17:46:26 [INFO] 增量采集完成: 111 调用, 0 记录
2026-04-20 17:51:20 [INFO] 股票列表已有 5506 只，使用缓存
2026-04-20 17:51:21 [INFO] Tushare API 初始化成功
2026-04-20 17:51:21 [INFO] 股票列表已有 5506 只，使用缓存
2026-04-20 17:51:21 [INFO] 增量采集: 20260415 ~ 20260420, 5506 只股票
2026-04-20 17:51:28 [INFO] 股票列表已有 5506 只，使用缓存
2026-04-20 17:51:29 [INFO] Tushare API 初始化成功
2026-04-20 17:51:29 [INFO] 股票列表已有 5506 只，使用缓存
2026-04-20 17:51:29 [INFO] 增量采集: 20260415 ~ 20260420, 5506 只股票
2026-04-20 17:51:29 [INFO] 进度 [10/111] 调用 10, 记录 1994
2026-04-20 17:51:34 [INFO] 进度 [20/111] 调用 20, 记录 3994
2026-04-20 17:51:42 [INFO] 进度 [30/111] 调用 30, 记录 5993
2026-04-20 17:51:50 [INFO] 进度 [40/111] 调用 40, 记录 7987
2026-04-20 17:51:50 [INFO] 频率限制，等待 31.4s
2026-04-20 17:51:57 [INFO] 收到中断信号，保存进度...
2026-04-20 17:52:19 [INFO] 频率限制，等待 1.5s
2026-04-20 17:52:25 [INFO] 进度 [50/111] 调用 50, 记录 9982
2026-04-20 17:52:33 [INFO] 进度 [60/111] 调用 60, 记录 11979
2026-04-20 17:52:41 [INFO] 进度 [70/111] 调用 70, 记录 13970
2026-04-20 17:52:49 [INFO] 进度 [80/111] 调用 80, 记录 15968
2026-04-20 17:52:49 [INFO] 频率限制，等待 31.7s
2026-04-20 17:53:19 [INFO] 频率限制，等待 1.6s
2026-04-20 17:53:24 [INFO] 进度 [90/111] 调用 90, 记录 17966
2026-04-20 17:53:31 [INFO] 进度 [100/111] 调用 100, 记录 19962
2026-04-20 17:53:39 [INFO] 进度 [110/111] 调用 110, 记录 21954
2026-04-20 17:53:40 [INFO] ==================================================
2026-04-20 17:53:40 [INFO] 增量采集完成: 111 调用, 21978 记录
2026-04-20 17:53:40 [INFO] 进度 [10/111] 调用 1, 记录 196
2026-04-20 17:53:47 [INFO] 进度 [20/111] 调用 11, 记录 2196
2026-04-20 17:53:52 [INFO] 进度 [30/111] 调用 21, 记录 4195
2026-04-20 17:53:55 [WARNING] Rate limit error: 抱歉，您每分钟最多访问该接口50次，权限的具体详情访问：https://tushare.pro/do...
2026-04-20 17:53:55 [INFO] 等待 65 秒后重试...
2026-04-20 17:55:01 [INFO] 进度 [40/111] 调用 31, 记录 6189
2026-04-20 17:55:09 [INFO] 进度 [50/111] 调用 41, 记录 8184
2026-04-20 17:55:14 [INFO] 进度 [60/111] 调用 51, 记录 10181
2026-04-20 17:55:21 [INFO] 进度 [70/111] 调用 61, 记录 12172
2026-04-20 17:55:25 [INFO] 频率限制，等待 32.1s
2026-04-20 17:55:55 [INFO] 频率限制，等待 1.6s
2026-04-20 17:56:00 [INFO] 进度 [80/111] 调用 71, 记录 14170
2026-04-20 17:56:08 [INFO] 进度 [90/111] 调用 81, 记录 16168
2026-04-20 17:56:13 [INFO] 进度 [100/111] 调用 91, 记录 18164
2026-04-20 17:56:20 [INFO] 进度 [110/111] 调用 101, 记录 20156
2026-04-20 17:56:21 [INFO] ==================================================
2026-04-20 17:56:21 [INFO] 增量采集完成: 102 调用, 20180 记录
